<?xml version="1.0" encoding="UTF-8"?>
<!-- Generated by org.testng.reporters.JUnitReportReporter -->
<testsuite hostname="SAGARs-MacBook-Air.local" failures="0" tests="1" name="com.sdet.TC_Login" time="20.181" errors="0" timestamp="2024-07-31T22:51:50 IST" skipped="0">
  <testcase classname="com.sdet.TC_Login" name="login_Test" time="20.181"/>
  <system-out/>
</testsuite> <!-- com.sdet.TC_Login -->
